Arguments: 
  /usr/bin/node /usr/share/yarn/bin/yarn.js add express lodash bcrypt jsonwebtoken mongoose

PATH: 
  /home/hortance/.rbenv/plugins/ruby-build/bin:/home/hortance/.rbenv/shims:/home/hortance/.rbenv/bin:/home/hortance/.rbenv/plugins/ruby-build/bin:/home/hortance/.rbenv/shims:/home/hortance/.rbenv/bin:/usr/local/bin:/usr/bin:/bin:/usr/games:/snap/bin

Yarn version: 
  1.22.18

Node version: 
  16.14.2

Platform: 
  linux x64

Trace: 
  Error: getaddrinfo EAI_AGAIN registry.yarnpkg.com
      at GetAddrInfoReqWrap.onlookup [as oncomplete] (node:dns:71:26)

npm manifest: 
  {
    "dependencies": {
      "bcryptjs": "^2.4.3",
      "chai": "^4.3.6",
      "chai-http": "^4.3.0",
      "cors": "^2.8.5",
      "crypto": "^1.0.1",
      "express": "^4.17.3",
      "jest": "^27.5.1",
      "joi": "^17.6.0",
      "joi-objectid": "^4.0.2",
      "jsonwebtoken": "^8.5.1",
      "mongoose": "^6.2.2",
      "rand-id": "^1.0.0",
      "rand-token": "^1.0.1",
      "react-router-dom": "^6.2.1",
      "supertest": "^6.2.2"
    },
    "scripts": {
      "dev": "nodemon server.js",
      "test": "jest --detectOpenHandles "
    }
  }

yarn manifest: 
  No manifest

Lockfile: 
  No lockfile
